<?xml version="1.0" encoding="UTF-8"?>
<testsuite name="number.GetSumTest" tests="2" skipped="0" failures="0" errors="0" timestamp="2020-12-01T18:29:22" hostname="Kevins-MacBook-Air" time="0.06">
  <properties/>
  <testcase name="canary()" classname="number.GetSumTest" time="0.004"/>
  <testcase name="testSums()" classname="number.GetSumTest" time="0.055"/>
  <system-out><![CDATA[]]></system-out>
  <system-err><![CDATA[]]></system-err>
</testsuite>
