<?xml version="1.0" encoding="UTF-8"?>
<testsuite name="number.DeficientNumberTest" tests="5" skipped="0" failures="0" errors="0" timestamp="2020-12-01T18:29:22" hostname="Kevins-MacBook-Air" time="0.059">
  <properties/>
  <testcase name="testNumber(int, boolean)[1]" classname="number.DeficientNumberTest" time="0.003"/>
  <testcase name="testNumber(int, boolean)[2]" classname="number.DeficientNumberTest" time="0.007"/>
  <testcase name="testNumber(int, boolean)[3]" classname="number.DeficientNumberTest" time="0.006"/>
  <testcase name="testNumber(int, boolean)[4]" classname="number.DeficientNumberTest" time="0.001"/>
  <testcase name="testNumber(int, boolean)[5]" classname="number.DeficientNumberTest" time="0.005"/>
  <system-out><![CDATA[]]></system-out>
  <system-err><![CDATA[]]></system-err>
</testsuite>
